model changed2023-07-05 20:29:46,728 - INFO - [31m[1mWARNING: This is a development server. Do not use it in a production deployment. Use a production WSGI server instead.[0m
 * Running on http://127.0.0.1:5000
2023-07-05 20:29:46,730 - INFO - [33mPress CTRL+C to quit[0m
2023-07-05 20:29:46,740 - INFO -  * Restarting with stat
2023-07-05 20:29:52,887 - WARNING -  * Debugger is active!
2023-07-05 20:29:52,904 - INFO -  * Debugger PIN: 110-289-194
2023-07-05 20:30:09,242 - INFO -  * Detected change in 'D:\\NSW_teaching\\End-to-End-MLops-Demo\\test.py', reloading
2023-07-05 20:30:09,636 - INFO -  * Restarting with stat
2023-07-05 20:30:15,468 - WARNING -  * Debugger is active!
2023-07-05 20:30:15,485 - INFO -  * Debugger PIN: 110-289-194
2023-07-05 20:30:24,319 - INFO -  * Detected change in 'D:\\NSW_teaching\\End-to-End-MLops-Demo\\test.py', reloading
2023-07-05 20:30:24,678 - INFO -  * Restarting with stat
2023-07-05 20:30:30,989 - WARNING -  * Debugger is active!
2023-07-05 20:30:31,008 - INFO -  * Debugger PIN: 110-289-194
2023-07-05 20:30:52,170 - INFO - 127.0.0.1 - - [05/Jul/2023 20:30:52] "[35m[1mPOST /train HTTP/1.1[0m" 500 -
2023-07-05 20:31:43,314 - INFO -  * Detected change in 'D:\\NSW_teaching\\End-to-End-MLops-Demo\\test.py', reloading
2023-07-05 20:31:43,915 - INFO -  * Restarting with stat
2023-07-05 20:31:49,597 - WARNING -  * Debugger is active!
2023-07-05 20:31:49,615 - INFO -  * Debugger PIN: 110-289-194
2023-07-05 20:32:03,089 - INFO - 127.0.0.1 - - [05/Jul/2023 20:32:03] "POST /stream HTTP/1.1" 200 -
2023-07-05 20:32:47,754 - INFO -  * Detected change in 'D:\\NSW_teaching\\End-to-End-MLops-Demo\\main.py', reloading
2023-07-05 20:32:48,086 - INFO -  * Restarting with stat
2023-07-05 20:33:56,014 - INFO - [31m[1mWARNING: This is a development server. Do not use it in a production deployment. Use a production WSGI server instead.[0m
 * Running on http://127.0.0.1:5000
2023-07-05 20:33:56,016 - INFO - [33mPress CTRL+C to quit[0m
2023-07-05 20:33:56,022 - INFO -  * Restarting with stat
2023-07-05 20:34:01,436 - WARNING -  * Debugger is active!
2023-07-05 20:34:01,449 - INFO -  * Debugger PIN: 110-289-194
2023-07-05 20:34:14,469 - INFO - Exception: 'float' object is not subscriptable
2023-07-05 20:34:14,513 - INFO - 127.0.0.1 - - [05/Jul/2023 20:34:14] "[35m[1mPOST /train HTTP/1.1[0m" 500 -
2023-07-05 20:35:35,852 - INFO -  * Detected change in 'D:\\NSW_teaching\\End-to-End-MLops-Demo\\main.py', reloading
2023-07-05 20:35:36,533 - INFO -  * Restarting with stat
2023-07-05 20:42:45,994 - INFO - [31m[1mWARNING: This is a development server. Do not use it in a production deployment. Use a production WSGI server instead.[0m
 * Running on http://127.0.0.1:5000
2023-07-05 20:42:45,996 - INFO - [33mPress CTRL+C to quit[0m
2023-07-05 20:42:46,001 - INFO -  * Restarting with stat
2023-07-05 20:42:52,233 - WARNING -  * Debugger is active!
2023-07-05 20:42:52,247 - INFO -  * Debugger PIN: 110-289-194
2023-07-05 20:42:58,773 - INFO - Exception: 'float' object is not subscriptable
2023-07-05 20:42:58,815 - INFO - 127.0.0.1 - - [05/Jul/2023 20:42:58] "[35m[1mPOST /train HTTP/1.1[0m" 500 -
2023-07-05 20:43:57,953 - INFO -  * Detected change in 'D:\\NSW_teaching\\End-to-End-MLops-Demo\\main.py', reloading
2023-07-05 20:43:58,337 - INFO -  * Restarting with stat
2023-07-05 20:44:05,367 - WARNING -  * Debugger is active!
2023-07-05 20:44:05,378 - INFO -  * Debugger PIN: 110-289-194
2023-07-05 20:44:21,053 - INFO -  * Detected change in 'D:\\NSW_teaching\\End-to-End-MLops-Demo\\main.py', reloading
2023-07-05 20:44:21,422 - INFO -  * Restarting with stat
2023-07-05 20:44:27,396 - WARNING -  * Debugger is active!
2023-07-05 20:44:27,414 - INFO -  * Debugger PIN: 110-289-194
2023-07-05 20:44:41,073 - INFO -  * Detected change in 'D:\\NSW_teaching\\End-to-End-MLops-Demo\\main.py', reloading
2023-07-05 20:44:41,491 - INFO -  * Restarting with stat
2023-07-05 20:44:47,220 - WARNING -  * Debugger is active!
2023-07-05 20:44:47,234 - INFO -  * Debugger PIN: 110-289-194
2023-07-05 20:45:06,572 - ERROR - Exception: 'float' object is not subscriptable
2023-07-05 20:45:06,613 - INFO - 127.0.0.1 - - [05/Jul/2023 20:45:06] "[35m[1mPOST /train HTTP/1.1[0m" 500 -
2023-07-05 20:45:38,309 - INFO -  * Detected change in 'D:\\NSW_teaching\\End-to-End-MLops-Demo\\test.py', reloading
2023-07-05 20:45:38,692 - INFO -  * Restarting with stat
2023-07-05 20:45:44,974 - WARNING -  * Debugger is active!
2023-07-05 20:45:44,990 - INFO -  * Debugger PIN: 110-289-194
2023-07-05 20:45:47,393 - ERROR - Exception: string indices must be integers
2023-07-05 20:45:47,436 - INFO - 127.0.0.1 - - [05/Jul/2023 20:45:47] "[35m[1mPOST /train HTTP/1.1[0m" 500 -
2023-07-05 20:46:20,387 - INFO -  * Detected change in 'D:\\NSW_teaching\\End-to-End-MLops-Demo\\test.py', reloading
2023-07-05 20:46:20,724 - INFO -  * Restarting with stat
2023-07-05 20:46:26,880 - WARNING -  * Debugger is active!
2023-07-05 20:46:26,892 - INFO -  * Debugger PIN: 110-289-194
2023-07-05 20:46:33,232 - INFO - 127.0.0.1 - - [05/Jul/2023 20:46:33] "GET /log HTTP/1.1" 200 -
2023-07-05 20:47:15,213 - INFO -  * Detected change in 'D:\\NSW_teaching\\End-to-End-MLops-Demo\\main.py', reloading
2023-07-05 20:47:15,557 - INFO -  * Restarting with stat
2023-07-05 20:47:21,534 - WARNING -  * Debugger is active!
2023-07-05 20:47:21,551 - INFO -  * Debugger PIN: 110-289-194
